   3.2740e-01   1.9140e+00   0.0000e+00   4.1681e-08   1.1883e-04   4.1000e-01   2.3000e-02   1.1689e+03   6.5575e+01
   4.2600e-01   2.0126e+00   0.0000e+00   9.7314e-08   1.1792e-04   4.0500e-01   9.0000e-03   4.9075e+02   1.0906e+01
   5.1799e-01   2.1046e+00   0.0000e+00   1.6649e-07   1.1696e-04   3.9400e-01   9.0000e-03   2.7679e+02   6.3226e+00
   5.8152e-01   2.1681e+00   0.0000e+00   2.2141e-07   1.1643e-04   4.2200e-01   1.3000e-02   2.2190e+02   6.8358e+00
   7.0242e-01   2.2890e+00   0.0000e+00   3.3721e-07   1.1597e-04   4.2400e-01   1.0000e-02   1.4582e+02   3.4392e+00
   7.9680e-01   2.3834e+00   0.0000e+00   4.3503e-07   1.1625e-04   4.2700e-01   5.0000e-03   1.1411e+02   1.3361e+00
   1.2337e+00   2.8203e+00   0.0000e+00   9.4619e-07   1.2498e-04   4.3900e-01   6.0000e-03   5.7988e+01   7.9254e-01


   1.7188e-01   1.7585e+00   0.0000e+00   2.5227e-09   1.1878e-04   4.1700e-01   2.0000e-02   1.9634e+04   9.4169e+02
   1.0744e-01   1.6940e+00   0.0000e+00   1.4555e-10   1.1799e-04   4.1500e-01   2.9000e-02   3.3643e+05   2.3510e+04


   1.1018e+00   2.6884e+00   0.0000e+00   7.8241e-07   1.2113e-04   4.8000e-01   3.0000e-02   7.4313e+01   4.6446e+00
   1.4029e+00   2.9895e+00   0.0000e+00   1.1692e-06   1.3130e-04   4.6000e-01   2.0000e-02   5.1655e+01   2.2459e+00
   1.4029e+00   2.9895e+00   0.0000e+00   1.1692e-06   1.3130e-04   4.6800e-01   1.3000e-02   5.2554e+01   1.4598e+00
   1.8038e+00   3.3904e+00   0.0000e+00   1.7652e-06   1.5189e-04   4.5000e-01   2.0000e-02   3.8721e+01   1.7209e+00


   3.0339e-01   1.8900e+00   0.0000e+00   3.1668e-08   1.1898e-04   4.4000e-01   8.0000e-02   1.6531e+03   3.0057e+02
   3.8488e-01   1.9715e+00   0.0000e+00   7.1450e-08   1.1834e-04   4.1000e-01   7.0000e-02   6.7909e+02   1.1594e+02
   4.7419e-01   2.0608e+00   0.0000e+00   1.3181e-07   1.1740e-04   3.9000e-01   5.0000e-02   3.4738e+02   4.4536e+01
   5.9309e-01   2.1797e+00   0.0000e+00   2.3192e-07   1.1635e-04   3.5000e-01   4.0000e-02   1.7558e+02   2.0067e+01
   6.7168e-01   2.2583e+00   0.0000e+00   3.0662e-07   1.1601e-04   4.0000e-01   5.0000e-02   1.5134e+02   1.8917e+01
   6.7179e-01   2.2584e+00   0.0000e+00   3.0673e-07   1.1601e-04   3.9000e-01   7.0000e-02   1.4750e+02   2.6474e+01
   8.1499e-01   2.4016e+00   0.0000e+00   4.5449e-07   1.1637e-04   3.4000e-01   4.0000e-02   8.7060e+01   1.0242e+01
   8.5599e-01   2.4426e+00   0.0000e+00   4.9896e-07   1.1673e-04   4.2000e-01   6.0000e-02   9.8257e+01   1.4037e+01
   9.0281e-01   2.4894e+00   0.0000e+00   5.5078e-07   1.1727e-04   3.6000e-01   5.0000e-02   7.6652e+01   1.0646e+01
   9.5157e-01   2.5382e+00   0.0000e+00   6.0585e-07   1.1799e-04   4.2000e-01   5.0000e-02   8.1795e+01   9.7375e+00
   9.9400e-01   2.5806e+00   0.0000e+00   6.5467e-07   1.1874e-04   4.0000e-01   4.0000e-02   7.2547e+01   7.2547e+00
   1.0840e+00   2.6706e+00   0.0000e+00   7.6095e-07   1.2069e-04   4.2000e-01   5.0000e-02   6.6613e+01   7.9301e+00
   1.1290e+00   2.7156e+00   0.0000e+00   8.1550e-07   1.2184e-04   3.6000e-01   4.0000e-02   5.3788e+01   5.9764e+00
   1.1545e+00   2.7411e+00   0.0000e+00   8.4683e-07   1.2255e-04   4.1000e-01   5.0000e-02   5.9335e+01   7.2359e+00
   1.2674e+00   2.8540e+00   0.0000e+00   9.8941e-07   1.2612e-04   3.6000e-01   6.0000e-02   4.5889e+01   7.6482e+00
   1.3741e+00   2.9607e+00   0.0000e+00   1.1302e-06   1.3012e-04   4.5000e-01   6.0000e-02   5.1809e+01   6.9079e+00


