   3.2740e-01   1.9140e+00   0.0000e+00   1.6112e-07   4.5937e-04   1.6674e-07   5.0404e-09   4.7538e-04   1.4371e-05
   4.2600e-01   2.0126e+00   0.0000e+00   3.5392e-07   4.2886e-04   3.6222e-07   7.9056e-09   4.3892e-04   9.5795e-06
   5.1799e-01   2.1046e+00   0.0000e+00   5.7457e-07   4.0364e-04   5.9987e-07   1.3607e-08   4.2141e-04   9.5592e-06
   5.8152e-01   2.1681e+00   0.0000e+00   7.3876e-07   3.8846e-04   7.2923e-07   2.0028e-08   3.8345e-04   1.0531e-05
   7.0242e-01   2.2890e+00   0.0000e+00   1.0607e-06   3.6479e-04   1.0445e-06   2.7885e-08   3.5922e-04   9.5903e-06
   7.9680e-01   2.3834e+00   0.0000e+00   1.3125e-06   3.5073e-04   1.3032e-06   2.5106e-08   3.4826e-04   6.7091e-06
   1.2337e+00   2.8203e+00   0.0000e+00   2.4404e-06   3.2236e-04   2.3956e-06   4.3505e-08   3.1644e-04   5.7465e-06


   4.1973e-01   2.0063e+00   0.0000e+00   3.4002e-07   4.3071e-04   3.3910e-07   2.4698e-08   4.2954e-04   3.1286e-05
   5.0584e-01   2.0924e+00   0.0000e+00   5.4400e-07   4.0676e-04   5.1725e-07   4.0793e-08   3.8675e-04   3.0501e-05
   6.1476e-01   2.2014e+00   0.0000e+00   8.2661e-07   3.8128e-04   8.0169e-07   3.5529e-08   3.6978e-04   1.6388e-05


   9.2899e-02   1.6795e+00   0.0000e+00   2.3163e-10   5.3607e-04   2.3934e-10   7.7527e-12   5.5392e-04   1.7943e-05
   1.0570e-01   1.6923e+00   0.0000e+00   5.8576e-10   5.3191e-04   5.6291e-10   1.7699e-11   5.1116e-04   1.6072e-05
   1.2650e-01   1.7131e+00   0.0000e+00   1.9044e-09   5.2516e-04   1.9327e-09   4.0616e-11   5.3296e-04   1.1200e-05
   1.4770e-01   1.7343e+00   0.0000e+00   4.7775e-09   5.1827e-04   4.7712e-09   8.7010e-11   5.1758e-04   9.4390e-06
   1.6890e-01   1.7555e+00   0.0000e+00   9.9005e-09   5.1137e-04   9.6782e-09   2.0282e-10   4.9989e-04   1.0476e-05


   7.0099e-01   2.2876e+00   0.0000e+00   1.0569e-06   3.6503e-04   1.1008e-06   1.9310e-07   3.8020e-04   6.6693e-05
   8.0199e-01   2.3886e+00   0.0000e+00   1.3263e-06   3.5006e-04   1.4091e-06   7.7228e-08   3.7192e-04   2.0384e-05
   9.0202e-01   2.4886e+00   0.0000e+00   1.5898e-06   3.3902e-04   1.5347e-06   6.7583e-08   3.2727e-04   1.4412e-05
   1.0020e+00   2.5886e+00   0.0000e+00   1.8494e-06   3.3116e-04   1.8923e-06   6.7583e-08   3.3884e-04   1.2102e-05
   1.0020e+00   2.5886e+00   0.0000e+00   1.8494e-06   3.3116e-04   1.7956e-06   5.7929e-08   3.2154e-04   1.0373e-05
   1.1020e+00   2.6886e+00   0.0000e+00   2.1060e-06   3.2595e-04   2.0856e-06   1.9310e-08   3.2279e-04   2.9886e-06
   1.1020e+00   2.6886e+00   0.0000e+00   2.1060e-06   3.2595e-04   2.1146e-06   3.8619e-08   3.2728e-04   5.9771e-06
   1.1030e+00   2.6896e+00   0.0000e+00   2.1085e-06   3.2591e-04   2.0856e-06   5.7929e-08   3.2237e-04   8.9541e-06
   1.2030e+00   2.7896e+00   0.0000e+00   2.3627e-06   3.2290e-04   2.3562e-06   4.8283e-08   3.2200e-04   6.5986e-06
   1.2030e+00   2.7896e+00   0.0000e+00   2.3627e-06   3.2290e-04   2.3562e-06   8.6902e-08   3.2200e-04   1.1876e-05
   1.3530e+00   2.9396e+00   0.0000e+00   2.7419e-06   3.2171e-04   2.6944e-06   6.7593e-08   3.1614e-04   7.9307e-06
   1.4030e+00   2.9896e+00   0.0000e+00   2.8682e-06   3.2205e-04   2.9544e-06   3.8629e-08   3.3173e-04   4.3374e-06
   1.4030e+00   2.9896e+00   0.0000e+00   2.8682e-06   3.2205e-04   2.9264e-06   7.7248e-08   3.2859e-04   8.6736e-06
   1.5040e+00   3.0906e+00   0.0000e+00   3.1236e-06   3.2371e-04   3.1574e-06   9.6567e-08   3.2720e-04   1.0007e-05
   1.6040e+00   3.1906e+00   0.0000e+00   3.3775e-06   3.2646e-04   3.2540e-06   9.6567e-08   3.1452e-04   9.3338e-06
   1.7040e+00   3.2906e+00   0.0000e+00   3.6330e-06   3.3017e-04   3.7082e-06   1.1588e-07   3.3701e-04   1.0531e-05
   1.7040e+00   3.2906e+00   0.0000e+00   3.6330e-06   3.3017e-04   3.7276e-06   8.6912e-08   3.3876e-04   7.8986e-06
   1.8040e+00   3.3906e+00   0.0000e+00   3.8905e-06   3.3474e-04   3.8725e-06   3.8629e-08   3.3319e-04   3.3236e-06
   1.8040e+00   3.3906e+00   0.0000e+00   3.8905e-06   3.3474e-04   3.8145e-06   1.1588e-07   3.2820e-04   9.9699e-06
   1.9040e+00   3.4906e+00   0.0000e+00   4.1507e-06   3.4007e-04   4.3364e-06   1.3521e-07   3.5529e-04   1.1077e-05
   1.9550e+00   3.5416e+00   0.0000e+00   4.2845e-06   3.4307e-04   4.2301e-06   1.0621e-07   3.3871e-04   8.5046e-06


   1.4730e+00   3.0596e+00   0.0000e+00   3.0451e-06   3.2307e-04   3.0170e-06   1.1557e-07   3.2009e-04   1.2261e-05
   1.7910e+00   3.3776e+00   0.0000e+00   3.8570e-06   3.3410e-04   3.8557e-06   1.2989e-07   3.3398e-04   1.1251e-05


   1.0540e+00   2.6406e+00   0.0000e+00   1.9832e-06   3.2815e-04   2.0670e-06   9.8430e-08   3.4203e-04   1.6287e-05


