   3.8551e-01   1.9721e+00   6.8970e+01   1.3653e+00   2.2497e+03   1.3684e+00   3.5964e-02   2.2549e+03   5.9262e+01
   3.8551e-01   1.9721e+00   7.7196e+01   9.2798e-01   1.5291e+03   9.0682e-01   2.5905e-02   1.4943e+03   4.2687e+01
   3.8551e-01   1.9721e+00   8.9994e+01   5.6406e-01   9.2946e+02   5.7898e-01   1.5590e-02   9.5405e+02   2.5689e+01
   3.8551e-01   1.9721e+00   9.3115e+01   5.0774e-01   8.3666e+02   4.9848e-01   1.3003e-02   8.2139e+02   2.1426e+01
   3.8551e-01   1.9721e+00   9.9994e+01   4.1072e-01   6.7679e+02   4.2139e-01   1.2093e-02   6.9437e+02   1.9927e+01
   3.8551e-01   1.9721e+00   1.0074e+02   4.0206e-01   6.6252e+02   4.0951e-01   1.2199e-02   6.7480e+02   2.0102e+01
   3.8551e-01   1.9721e+00   1.0807e+02   3.3053e-01   5.4465e+02   3.2737e-01   1.0625e-02   5.3944e+02   1.7509e+01
   3.9419e-01   1.9808e+00   6.8970e+01   1.3068e+00   2.0072e+03   1.2928e+00   3.5774e-02   1.9856e+03   5.4946e+01
   3.9419e-01   1.9808e+00   9.3115e+01   4.8624e-01   7.4683e+02   4.8876e-01   1.4380e-02   7.5070e+02   2.2087e+01
   3.9419e-01   1.9808e+00   9.9994e+01   3.9340e-01   6.0423e+02   3.9480e-01   1.1731e-02   6.0638e+02   1.8017e+01
   3.9419e-01   1.9808e+00   1.0074e+02   3.8511e-01   5.9151e+02   3.8986e-01   1.1582e-02   5.9880e+02   1.7789e+01
   3.9419e-01   1.9808e+00   1.0807e+02   3.1667e-01   4.8638e+02   3.0968e-01   1.0024e-02   4.7564e+02   1.5396e+01
   4.0287e-01   1.9895e+00   6.8970e+01   1.2522e+00   1.7972e+03   1.2142e+00   3.5183e-02   1.7427e+03   5.0497e+01
   4.0287e-01   1.9895e+00   9.3115e+01   4.6615e-01   6.6904e+02   4.5532e-01   1.3453e-02   6.5351e+02   1.9309e+01
   4.0287e-01   1.9895e+00   9.9994e+01   3.7721e-01   5.4139e+02   3.9194e-01   1.1828e-02   5.6254e+02   1.6976e+01
   4.0287e-01   1.9895e+00   1.0074e+02   3.6927e-01   5.3000e+02   3.7304e-01   1.1019e-02   5.3540e+02   1.5815e+01
   4.0287e-01   1.9895e+00   1.0807e+02   3.0372e-01   4.3591e+02   3.0559e-01   9.5257e-03   4.3860e+02   1.3672e+01


   4.7935e-01   2.0659e+00   6.0607e+01   1.4108e+00   1.2197e+03   1.4408e+00   3.4654e-02   1.2456e+03   2.9960e+01
   4.7935e-01   2.0659e+00   6.8970e+01   8.9425e-01   7.7312e+02   9.0022e-01   2.5678e-02   7.7828e+02   2.2199e+01
   4.7935e-01   2.0659e+00   7.7196e+01   6.0918e-01   5.2666e+02   6.1145e-01   1.7154e-02   5.2862e+02   1.4830e+01
   4.7935e-01   2.0659e+00   8.9993e+01   3.7148e-01   3.2116e+02   3.5805e-01   8.8846e-03   3.0954e+02   7.6811e+00
   4.7935e-01   2.0659e+00   9.3115e+01   3.3466e-01   2.8932e+02   3.2521e-01   9.0979e-03   2.8115e+02   7.8655e+00
   4.7935e-01   2.0659e+00   9.9993e+01   2.7130e-01   2.3455e+02   2.7659e-01   7.0794e-03   2.3912e+02   6.1204e+00
   4.7935e-01   2.0659e+00   1.0074e+02   2.6563e-01   2.2965e+02   2.7555e-01   8.3117e-03   2.3822e+02   7.1858e+00
   4.7935e-01   2.0659e+00   1.0807e+02   2.1899e-01   1.8933e+02   2.1635e-01   7.5232e-03   1.8705e+02   6.5041e+00
   4.7935e-01   2.0659e+00   1.0999e+02   2.0911e-01   1.8079e+02   2.0477e-01   7.8547e-03   1.7703e+02   6.7907e+00
   4.8711e-01   2.0737e+00   5.2133e+01   2.3638e+00   1.9558e+03   2.3484e+00   6.3928e-02   1.9430e+03   5.2894e+01
   4.8711e-01   2.0737e+00   6.0607e+01   1.3679e+00   1.1318e+03   1.3524e+00   3.5672e-02   1.1190e+03   2.9515e+01
   4.8711e-01   2.0737e+00   6.8970e+01   8.6726e-01   7.1756e+02   8.8820e-01   2.2308e-02   7.3489e+02   1.8457e+01
   4.8711e-01   2.0737e+00   9.3115e+01   3.2475e-01   2.6869e+02   3.1965e-01   9.2049e-03   2.6448e+02   7.6161e+00
   4.8711e-01   2.0737e+00   9.9993e+01   2.6332e-01   2.1787e+02   2.7392e-01   7.4808e-03   2.2664e+02   6.1895e+00
   4.8711e-01   2.0737e+00   1.0074e+02   2.5782e-01   2.1332e+02   2.5034e-01   8.3083e-03   2.0713e+02   6.8742e+00
   4.8711e-01   2.0737e+00   1.0807e+02   2.1261e-01   1.7591e+02   2.1260e-01   8.0493e-03   1.7591e+02   6.6599e+00
   4.8711e-01   2.0737e+00   1.0999e+02   2.0303e-01   1.6799e+02   2.0634e-01   5.6986e-03   1.7072e+02   4.7150e+00
   4.8711e-01   2.0737e+00   1.1999e+02   1.6418e-01   1.3584e+02   1.5976e-01   4.5336e-03   1.3218e+02   3.7510e+00
   4.9487e-01   2.0815e+00   5.2133e+01   2.2922e+00   1.8171e+03   2.2991e+00   6.4219e-02   1.8226e+03   5.0910e+01
   4.9487e-01   2.0815e+00   6.0607e+01   1.3269e+00   1.0519e+03   1.3300e+00   3.6427e-02   1.0544e+03   2.8877e+01
   4.9487e-01   2.0815e+00   6.8970e+01   8.4157e-01   6.6716e+02   8.1976e-01   2.0979e-02   6.4987e+02   1.6632e+01
   4.9487e-01   2.0815e+00   7.7196e+01   5.7355e-01   4.5469e+02   5.7599e-01   2.2000e-02   4.5662e+02   1.7440e+01
   4.9487e-01   2.0815e+00   8.9992e+01   3.4996e-01   2.7744e+02   3.4370e-01   9.3072e-03   2.7247e+02   7.3783e+00
   4.9487e-01   2.0815e+00   9.3115e+01   3.1532e-01   2.4997e+02   3.1743e-01   8.2290e-03   2.5165e+02   6.5236e+00
   4.9487e-01   2.0815e+00   9.9993e+01   2.5572e-01   2.0272e+02   2.6368e-01   7.1700e-03   2.0903e+02   5.6841e+00
   4.9487e-01   2.0815e+00   1.0074e+02   2.5039e-01   1.9850e+02   2.4696e-01   7.1782e-03   1.9578e+02   5.6905e+00
   4.9487e-01   2.0815e+00   1.0807e+02   2.0653e-01   1.6373e+02   2.0235e-01   6.8405e-03   1.6042e+02   5.4228e+00
   4.9487e-01   2.0815e+00   1.0999e+02   1.9725e-01   1.5637e+02   2.0514e-01   6.6260e-03   1.6263e+02   5.2528e+00
   4.9487e-01   2.0815e+00   1.1999e+02   1.5958e-01   1.2651e+02   1.6188e-01   4.2409e-03   1.2833e+02   3.3620e+00


   7.2372e-01   2.3103e+00   3.9260e+01   3.1694e+00   1.0245e+03   3.0589e+00   7.9073e-02   9.8880e+02   2.5561e+01
   7.2372e-01   2.3103e+00   4.3569e+01   2.1583e+00   6.9766e+02   2.1884e+00   6.1056e-02   7.0740e+02   1.9736e+01
   7.2372e-01   2.3103e+00   6.0607e+01   6.6459e-01   2.1483e+02   6.8689e-01   1.7835e-02   2.2204e+02   5.7653e+00
   7.2372e-01   2.3103e+00   6.8970e+01   4.2658e-01   1.3789e+02   4.3963e-01   1.1191e-02   1.4211e+02   3.6176e+00
   7.2372e-01   2.3103e+00   6.9990e+01   4.0596e-01   1.3123e+02   3.9290e-01   8.5075e-03   1.2701e+02   2.7501e+00
   7.2372e-01   2.3103e+00   7.7196e+01   2.9305e-01   9.4730e+01   2.9223e-01   7.2906e-03   9.4465e+01   2.3567e+00
   7.2372e-01   2.3103e+00   8.9989e+01   1.8031e-01   5.8285e+01   1.8199e-01   4.1232e-03   5.8829e+01   1.3328e+00
   7.2372e-01   2.3103e+00   9.3115e+01   1.6274e-01   5.2608e+01   1.5829e-01   3.9891e-03   5.1169e+01   1.2895e+00
   7.2372e-01   2.3103e+00   9.9989e+01   1.3262e-01   4.2871e+01   1.3288e-01   3.0274e-03   4.2954e+01   9.7863e-01
   7.2372e-01   2.3103e+00   1.0074e+02   1.2993e-01   4.1999e+01   1.3224e-01   3.1734e-03   4.2747e+01   1.0258e+00
   7.2372e-01   2.3103e+00   1.0807e+02   1.0791e-01   3.4883e+01   1.0757e-01   2.7008e-03   3.4772e+01   8.7304e-01
   7.2372e-01   2.3103e+00   1.0999e+02   1.0330e-01   3.3391e+01   1.0393e-01   2.4668e-03   3.3595e+01   7.9739e-01
   7.2372e-01   2.3103e+00   1.2171e+02   8.2325e-02   2.6612e+01   8.2554e-02   2.2624e-03   2.6686e+01   7.3132e-01
   7.2372e-01   2.3103e+00   1.2999e+02   7.2843e-02   2.3547e+01   7.3139e-02   2.2831e-03   2.3642e+01   7.3804e-01
   7.2372e-01   2.3103e+00   1.3499e+02   6.8576e-02   2.2167e+01   7.1531e-02   1.8553e-03   2.3123e+01   5.9975e-01
   7.3017e-01   2.3168e+00   3.9260e+01   3.1170e+00   9.8946e+02   2.9806e+00   8.3350e-02   9.4616e+02   2.6459e+01
   7.3017e-01   2.3168e+00   4.3569e+01   2.1234e+00   6.7407e+02   2.0380e+00   5.3047e-02   6.4694e+02   1.6840e+01
   7.3017e-01   2.3168e+00   5.2133e+01   1.1116e+00   3.5286e+02   1.0851e+00   2.6801e-02   3.4446e+02   8.5078e+00
   7.3017e-01   2.3168e+00   6.0607e+01   6.5475e-01   2.0785e+02   6.3260e-01   1.5476e-02   2.0081e+02   4.9127e+00
   7.3017e-01   2.3168e+00   6.8970e+01   4.2044e-01   1.3347e+02   4.1235e-01   1.0041e-02   1.3090e+02   3.1874e+00
   7.3017e-01   2.3168e+00   6.9989e+01   4.0013e-01   1.2702e+02   4.0423e-01   8.6786e-03   1.2832e+02   2.7550e+00
   7.3017e-01   2.3168e+00   9.3115e+01   1.6047e-01   5.0940e+01   1.5675e-01   3.9134e-03   4.9760e+01   1.2423e+00
   7.3017e-01   2.3168e+00   9.9989e+01   1.3078e-01   4.1515e+01   1.3018e-01   3.3209e-03   4.1326e+01   1.0542e+00
   7.3017e-01   2.3168e+00   1.0074e+02   1.2812e-01   4.0671e+01   1.2869e-01   3.0668e-03   4.0853e+01   9.7353e-01
   7.3017e-01   2.3168e+00   1.0807e+02   1.0643e-01   3.3785e+01   1.0466e-01   2.6144e-03   3.3222e+01   8.2992e-01
   7.3017e-01   2.3168e+00   1.0999e+02   1.0188e-01   3.2341e+01   1.0074e-01   2.2694e-03   3.1981e+01   7.2039e-01
   7.3017e-01   2.3168e+00   1.1999e+02   8.3625e-02   2.6546e+01   8.6324e-02   2.0681e-03   2.7403e+01   6.5650e-01
   7.3017e-01   2.3168e+00   1.2999e+02   7.1909e-02   2.2827e+01   7.1073e-02   2.8213e-03   2.2562e+01   8.9559e-01
   7.3017e-01   2.3168e+00   1.3499e+02   6.7718e-02   2.1497e+01   7.1137e-02   1.9492e-03   2.2582e+01   6.1877e-01
   7.3662e-01   2.3232e+00   3.9260e+01   3.0660e+00   9.5606e+02   3.0199e+00   8.4883e-02   9.4168e+02   2.6469e+01
   7.3662e-01   2.3232e+00   4.3569e+01   2.0896e+00   6.5159e+02   2.0186e+00   5.5083e-02   6.2945e+02   1.7176e+01
   7.3662e-01   2.3232e+00   5.2133e+01   1.0947e+00   3.4136e+02   1.1306e+00   2.6861e-02   3.5257e+02   8.3760e+00
   7.3662e-01   2.3232e+00   6.0607e+01   6.4520e-01   2.0119e+02   6.4499e-01   1.5640e-02   2.0113e+02   4.8769e+00
   7.3662e-01   2.3232e+00   6.8970e+01   4.1447e-01   1.2924e+02   4.1422e-01   1.0145e-02   1.2916e+02   3.1634e+00
   7.3662e-01   2.3232e+00   6.9989e+01   3.9446e-01   1.2301e+02   4.1554e-01   1.0980e-02   1.2958e+02   3.4239e+00
   7.3662e-01   2.3232e+00   7.7196e+01   2.8486e-01   8.8828e+01   2.8565e-01   7.2051e-03   8.9074e+01   2.2468e+00
   7.3662e-01   2.3232e+00   8.9989e+01   1.7533e-01   5.4672e+01   1.7218e-01   4.3146e-03   5.3692e+01   1.3454e+00
   7.3662e-01   2.3232e+00   9.3115e+01   1.5826e-01   4.9349e+01   1.6293e-01   3.4459e-03   5.0805e+01   1.0745e+00
   7.3662e-01   2.3232e+00   9.9989e+01   1.2899e-01   4.0222e+01   1.3138e-01   3.0833e-03   4.0969e+01   9.6146e-01
   7.3662e-01   2.3232e+00   1.0074e+02   1.2636e-01   3.9404e+01   1.2507e-01   2.9415e-03   3.9001e+01   9.1724e-01
   7.3662e-01   2.3232e+00   1.0807e+02   1.0498e-01   3.2737e+01   1.0176e-01   2.8454e-03   3.1731e+01   8.8729e-01
   7.3662e-01   2.3232e+00   1.0999e+02   1.0050e-01   3.1340e+01   1.0125e-01   2.3610e-03   3.1574e+01   7.3624e-01
   7.3662e-01   2.3232e+00   1.1999e+02   8.2525e-02   2.5734e+01   8.4163e-02   2.1471e-03   2.6245e+01   6.6953e-01
   7.3662e-01   2.3232e+00   1.2999e+02   7.1001e-02   2.2140e+01   7.3118e-02   2.8381e-03   2.2800e+01   8.8500e-01
   7.3662e-01   2.3232e+00   1.3499e+02   6.6884e-02   2.0856e+01   7.1368e-02   2.5880e-03   2.2255e+01   8.0701e-01


   9.9248e-01   2.5791e+00   3.9260e+01   1.8024e+00   3.2770e+02   1.7090e+00   3.8867e-02   3.1073e+02   7.0666e+00
   9.9248e-01   2.5791e+00   4.3569e+01   1.2537e+00   2.2794e+02   1.3100e+00   3.0915e-02   2.3818e+02   5.6207e+00
   9.9248e-01   2.5791e+00   6.0607e+01   4.1188e-01   7.4885e+01   4.2910e-01   9.8980e-03   7.8017e+01   1.7996e+00
   9.9248e-01   2.5791e+00   6.8970e+01   2.6890e-01   4.8891e+01   2.7253e-01   6.0345e-03   4.9549e+01   1.0972e+00
   9.9248e-01   2.5791e+00   6.9986e+01   2.5631e-01   4.6602e+01   2.5420e-01   5.8766e-03   4.6217e+01   1.0685e+00
   9.9248e-01   2.5791e+00   7.7196e+01   1.8622e-01   3.3858e+01   1.9106e-01   4.5293e-03   3.4737e+01   8.2349e-01
   9.9248e-01   2.5791e+00   8.9985e+01   1.1474e-01   2.0862e+01   1.1350e-01   2.6881e-03   2.0637e+01   4.8874e-01
   9.9248e-01   2.5791e+00   9.3115e+01   1.0349e-01   1.8816e+01   1.0469e-01   2.8032e-03   1.9035e+01   5.0966e-01
   9.9248e-01   2.5791e+00   9.9985e+01   8.4296e-02   1.5326e+01   8.7104e-02   2.3914e-03   1.5837e+01   4.3479e-01
   9.9248e-01   2.5791e+00   1.0074e+02   8.2575e-02   1.5013e+01   8.2821e-02   2.5941e-03   1.5058e+01   4.7164e-01
   9.9248e-01   2.5791e+00   1.0807e+02   6.8759e-02   1.2501e+01   6.8789e-02   2.1837e-03   1.2507e+01   3.9703e-01
   9.9248e-01   2.5791e+00   1.0999e+02   6.5917e-02   1.1985e+01   6.6616e-02   1.9317e-03   1.2112e+01   3.5121e-01
   9.9248e-01   2.5791e+00   1.2171e+02   5.3424e-02   9.7132e+00   5.1896e-02   2.1603e-03   9.4354e+00   3.9278e-01
   9.9248e-01   2.5791e+00   1.2999e+02   4.8226e-02   8.7683e+00   4.7966e-02   1.8464e-03   8.7209e+00   3.3570e-01
   9.9248e-01   2.5791e+00   1.3499e+02   4.6058e-02   8.3741e+00   4.7860e-02   2.0098e-03   8.7017e+00   3.6542e-01
   9.9248e-01   2.5791e+00   1.3890e+02   4.4749e-02   8.1359e+00   4.3049e-02   2.0908e-03   7.8270e+00   3.8013e-01
   9.9786e-01   2.5845e+00   3.9260e+01   1.7862e+00   3.2195e+02   1.7215e+00   4.0599e-02   3.1030e+02   7.3178e+00
   9.9786e-01   2.5845e+00   4.3569e+01   1.2430e+00   2.2405e+02   1.2131e+00   2.7134e-02   2.1866e+02   4.8909e+00
   9.9786e-01   2.5845e+00   5.2133e+01   6.7548e-01   1.2175e+02   6.7003e-01   1.4284e-02   1.2077e+02   2.5746e+00
   9.9786e-01   2.5845e+00   6.0607e+01   4.0895e-01   7.3711e+01   4.1243e-01   9.3016e-03   7.4339e+01   1.6766e+00
   9.9786e-01   2.5845e+00   6.8970e+01   2.6708e-01   4.8140e+01   2.5956e-01   5.8666e-03   4.6785e+01   1.0574e+00
   9.9786e-01   2.5845e+00   6.9986e+01   2.5458e-01   4.5887e+01   2.5444e-01   5.7146e-03   4.5862e+01   1.0300e+00
   9.9786e-01   2.5845e+00   9.3115e+01   1.0279e-01   1.8527e+01   1.0084e-01   2.6790e-03   1.8175e+01   4.8288e-01
   9.9786e-01   2.5845e+00   9.9985e+01   8.3713e-02   1.5089e+01   8.4256e-02   2.2305e-03   1.5187e+01   4.0204e-01
   9.9786e-01   2.5845e+00   1.0074e+02   8.2004e-02   1.4781e+01   8.3154e-02   2.6170e-03   1.4988e+01   4.7170e-01
   9.9786e-01   2.5845e+00   1.0807e+02   6.8283e-02   1.2308e+01   6.6953e-02   2.3566e-03   1.2068e+01   4.2477e-01
   9.9786e-01   2.5845e+00   1.0999e+02   6.5462e-02   1.1799e+01   6.5460e-02   1.9619e-03   1.1799e+01   3.5363e-01
   9.9786e-01   2.5845e+00   1.1999e+02   5.4455e-02   9.8152e+00   5.5386e-02   1.3553e-03   9.9832e+00   2.4429e-01
   9.9786e-01   2.5845e+00   1.2999e+02   4.7930e-02   8.6391e+00   4.7624e-02   1.8318e-03   8.5840e+00   3.3018e-01
   9.9786e-01   2.5845e+00   1.3499e+02   4.5790e-02   8.2534e+00   4.8435e-02   1.9224e-03   8.7302e+00   3.4651e-01
   1.0032e+00   2.5898e+00   3.9260e+01   1.7703e+00   3.1636e+02   1.7607e+00   3.9975e-02   3.1465e+02   7.1438e+00
   1.0032e+00   2.5898e+00   4.3569e+01   1.2326e+00   2.2027e+02   1.2006e+00   2.6287e-02   2.1455e+02   4.6976e+00
   1.0032e+00   2.5898e+00   5.2133e+01   6.7034e-01   1.1979e+02   6.8051e-01   1.5251e-02   1.2161e+02   2.7255e+00
   1.0032e+00   2.5898e+00   6.0607e+01   4.0607e-01   7.2567e+01   4.0649e-01   9.2038e-03   7.2642e+01   1.6448e+00
   1.0032e+00   2.5898e+00   6.8970e+01   2.6529e-01   4.7408e+01   2.6128e-01   5.9481e-03   4.6692e+01   1.0630e+00
   1.0032e+00   2.5898e+00   6.9986e+01   2.5288e-01   4.5191e+01   2.5445e-01   5.7416e-03   4.5472e+01   1.0261e+00
   1.0032e+00   2.5898e+00   7.7196e+01   1.8376e-01   3.2839e+01   1.9030e-01   4.5474e-03   3.4007e+01   8.1264e-01
   1.0032e+00   2.5898e+00   8.9985e+01   1.1320e-01   2.0230e+01   1.1219e-01   3.5387e-03   2.0049e+01   6.3239e-01
   1.0032e+00   2.5898e+00   9.3115e+01   1.0209e-01   1.8245e+01   1.0059e-01   2.7434e-03   1.7975e+01   4.9025e-01
   1.0032e+00   2.5898e+00   9.9985e+01   8.3141e-02   1.4858e+01   8.4028e-02   2.3937e-03   1.5016e+01   4.2776e-01
   1.0032e+00   2.5898e+00   1.0074e+02   8.1442e-02   1.4554e+01   7.9940e-02   2.4774e-03   1.4286e+01   4.4273e-01
   1.0032e+00   2.5898e+00   1.0807e+02   6.7814e-02   1.2119e+01   6.6874e-02   2.2721e-03   1.1951e+01   4.0604e-01
   1.0032e+00   2.5898e+00   1.0999e+02   6.5014e-02   1.1618e+01   6.5431e-02   1.9784e-03   1.1693e+01   3.5356e-01
   1.0032e+00   2.5898e+00   1.1999e+02   5.4096e-02   9.6672e+00   5.5498e-02   1.6290e-03   9.9179e+00   2.9111e-01
   1.0032e+00   2.5898e+00   1.2999e+02   4.7638e-02   8.5131e+00   4.7161e-02   1.6370e-03   8.4279e+00   2.9254e-01
   1.0032e+00   2.5898e+00   1.3499e+02   4.5526e-02   8.1357e+00   4.8507e-02   1.8468e-03   8.6684e+00   3.3003e-01


   1.2092e+00   2.7958e+00   3.9260e+01   1.3204e+00   1.7920e+02   1.3341e+00   2.8315e-02   1.8106e+02   3.8427e+00
   1.2092e+00   2.7958e+00   4.3569e+01   9.3731e-01   1.2721e+02   9.6280e-01   2.0494e-02   1.3067e+02   2.7813e+00
   1.2092e+00   2.7958e+00   4.9986e+01   6.0196e-01   8.1695e+01   6.0918e-01   1.3305e-02   8.2676e+01   1.8057e+00
   1.2092e+00   2.7958e+00   5.9984e+01   3.3668e-01   4.5692e+01   3.4458e-01   7.4008e-03   4.6765e+01   1.0044e+00
   1.2092e+00   2.7958e+00   6.0607e+01   3.2575e-01   4.4210e+01   3.2956e-01   6.8040e-03   4.4727e+01   9.2341e-01
   1.2092e+00   2.7958e+00   6.8970e+01   2.1524e-01   2.9211e+01   2.1913e-01   4.5799e-03   2.9739e+01   6.2156e-01
   1.2092e+00   2.7958e+00   6.9983e+01   2.0535e-01   2.7870e+01   2.1077e-01   4.4573e-03   2.8605e+01   6.0492e-01
   1.2092e+00   2.7958e+00   7.7196e+01   1.4949e-01   2.0288e+01   1.4902e-01   3.1576e-03   2.0224e+01   4.2854e-01
   1.2092e+00   2.7958e+00   8.9981e+01   9.1449e-02   1.2411e+01   8.9579e-02   1.9424e-03   1.2157e+01   2.6361e-01
   1.2092e+00   2.7958e+00   9.3115e+01   8.2250e-02   1.1163e+01   8.2308e-02   1.8485e-03   1.1171e+01   2.5087e-01
   1.2092e+00   2.7958e+00   9.9982e+01   6.6650e-02   9.0455e+00   6.7840e-02   1.6347e-03   9.2069e+00   2.2185e-01
   1.2092e+00   2.7958e+00   1.0074e+02   6.5256e-02   8.8562e+00   6.5570e-02   1.5436e-03   8.8989e+00   2.0949e-01
   1.2092e+00   2.7958e+00   1.0807e+02   5.4254e-02   7.3632e+00   5.4326e-02   1.3742e-03   7.3729e+00   1.8650e-01
   1.2092e+00   2.7958e+00   1.0998e+02   5.2044e-02   7.0632e+00   5.2172e-02   1.3437e-03   7.0806e+00   1.8236e-01
   1.2092e+00   2.7958e+00   1.2171e+02   4.2757e-02   5.8028e+00   4.2774e-02   1.2624e-03   5.8051e+00   1.7132e-01
   1.2092e+00   2.7958e+00   1.2999e+02   3.9348e-02   5.3402e+00   3.9734e-02   1.0502e-03   5.3925e+00   1.4253e-01
   1.2092e+00   2.7958e+00   1.3499e+02   3.8112e-02   5.1724e+00   3.7654e-02   1.3638e-03   5.1103e+00   1.8509e-01
   1.2092e+00   2.7958e+00   1.3890e+02   3.7461e-02   5.0840e+00   3.6476e-02   1.5102e-03   4.9503e+00   2.0496e-01
   1.2139e+00   2.8005e+00   3.9260e+01   1.3128e+00   1.7721e+02   1.2950e+00   2.7755e-02   1.7481e+02   3.7466e+00
   1.2139e+00   2.8005e+00   4.3569e+01   9.3230e-01   1.2585e+02   9.1984e-01   1.9418e-02   1.2417e+02   2.6213e+00
   1.2139e+00   2.8005e+00   4.9986e+01   5.9909e-01   8.0871e+01   6.2232e-01   1.4022e-02   8.4006e+01   1.8928e+00
   1.2139e+00   2.8005e+00   5.2133e+01   5.2389e-01   7.0720e+01   5.2087e-01   1.0959e-02   7.0312e+01   1.4793e+00
   1.2139e+00   2.8005e+00   5.9984e+01   3.3528e-01   4.5259e+01   3.3925e-01   7.1297e-03   4.5795e+01   9.6244e-01
   1.2139e+00   2.8005e+00   6.0607e+01   3.2441e-01   4.3792e+01   3.2468e-01   6.8510e-03   4.3829e+01   9.2481e-01
   1.2139e+00   2.8005e+00   6.8970e+01   2.1440e-01   2.8942e+01   2.1388e-01   4.5255e-03   2.8871e+01   6.1089e-01
   1.2139e+00   2.8005e+00   6.9982e+01   2.0456e-01   2.7613e+01   2.0395e-01   4.3094e-03   2.7531e+01   5.8173e-01
   1.2139e+00   2.8005e+00   9.3115e+01   8.1907e-02   1.1057e+01   8.1898e-02   1.8508e-03   1.1055e+01   2.4984e-01
   1.2139e+00   2.8005e+00   9.9982e+01   6.6362e-02   8.9583e+00   6.7048e-02   1.6425e-03   9.0508e+00   2.2172e-01
   1.2139e+00   2.8005e+00   1.0074e+02   6.4973e-02   8.7707e+00   6.6192e-02   1.5180e-03   8.9352e+00   2.0492e-01
   1.2139e+00   2.8005e+00   1.0807e+02   5.4017e-02   7.2917e+00   5.3302e-02   1.3648e-03   7.1952e+00   1.8423e-01
   1.2139e+00   2.8005e+00   1.0998e+02   5.1817e-02   6.9948e+00   5.1854e-02   1.4715e-03   6.9998e+00   1.9864e-01
   1.2139e+00   2.8005e+00   1.1998e+02   4.3560e-02   5.8802e+00   4.3405e-02   1.0897e-03   5.8592e+00   1.4710e-01
   1.2139e+00   2.8005e+00   1.2999e+02   3.9207e-02   5.2926e+00   3.8208e-02   1.2714e-03   5.1578e+00   1.7162e-01
   1.2139e+00   2.8005e+00   1.3499e+02   3.7989e-02   5.1281e+00   3.8281e-02   1.2221e-03   5.1675e+00   1.6497e-01
   1.2187e+00   2.8053e+00   3.9260e+01   1.3052e+00   1.7525e+02   1.2578e+00   2.7364e-02   1.6889e+02   3.6742e+00
   1.2187e+00   2.8053e+00   4.3569e+01   9.2735e-01   1.2452e+02   9.0837e-01   1.9194e-02   1.2197e+02   2.5772e+00
   1.2187e+00   2.8053e+00   4.9986e+01   5.9625e-01   8.0060e+01   5.8810e-01   1.2421e-02   7.8965e+01   1.6677e+00
   1.2187e+00   2.8053e+00   5.2133e+01   5.2150e-01   7.0023e+01   5.2207e-01   1.1257e-02   7.0100e+01   1.5116e+00
   1.2187e+00   2.8053e+00   5.9984e+01   3.3389e-01   4.4833e+01   3.4299e-01   7.2287e-03   4.6054e+01   9.7061e-01
   1.2187e+00   2.8053e+00   6.0607e+01   3.2308e-01   4.3380e+01   3.1713e-01   6.7924e-03   4.2582e+01   9.1203e-01
   1.2187e+00   2.8053e+00   6.8970e+01   2.1357e-01   2.8676e+01   2.1012e-01   4.4705e-03   2.8213e+01   6.0026e-01
   1.2187e+00   2.8053e+00   6.9982e+01   2.0377e-01   2.7361e+01   2.0680e-01   4.3983e-03   2.7767e+01   5.9057e-01
   1.2187e+00   2.8053e+00   7.7196e+01   1.4834e-01   1.9918e+01   1.4870e-01   3.3477e-03   1.9966e+01   4.4951e-01
   1.2187e+00   2.8053e+00   8.9981e+01   9.0704e-02   1.2179e+01   9.0034e-02   2.3326e-03   1.2089e+01   3.1320e-01
   1.2187e+00   2.8053e+00   9.3115e+01   8.1567e-02   1.0952e+01   8.2218e-02   1.8328e-03   1.1040e+01   2.4609e-01
   1.2187e+00   2.8053e+00   9.9982e+01   6.6078e-02   8.8724e+00   6.7175e-02   1.5708e-03   9.0198e+00   2.1091e-01
   1.2187e+00   2.8053e+00   1.0074e+02   6.4693e-02   8.6865e+00   6.3522e-02   1.4886e-03   8.5293e+00   1.9988e-01
   1.2187e+00   2.8053e+00   1.0807e+02   5.3782e-02   7.2214e+00   5.2221e-02   1.3113e-03   7.0119e+00   1.7607e-01
   1.2187e+00   2.8053e+00   1.0998e+02   5.1592e-02   6.9274e+00   5.0035e-02   1.2660e-03   6.7183e+00   1.6998e-01
   1.2187e+00   2.8053e+00   1.1998e+02   4.3382e-02   5.8251e+00   4.3669e-02   1.2215e-03   5.8635e+00   1.6401e-01
   1.2187e+00   2.8053e+00   1.2999e+02   3.9068e-02   5.2458e+00   3.7318e-02   1.2846e-03   5.0108e+00   1.7249e-01
   1.2187e+00   2.8053e+00   1.3499e+02   3.7866e-02   5.0844e+00   3.7777e-02   1.1489e-03   5.0724e+00   1.5426e-01


   1.4877e+00   3.0743e+00   3.9260e+01   9.9629e-01   1.0452e+02   1.0130e+00   2.1220e-02   1.0627e+02   2.2261e+00
   1.4877e+00   3.0743e+00   4.3569e+01   7.2612e-01   7.6175e+01   7.1082e-01   1.4558e-02   7.4571e+01   1.5272e+00
   1.4877e+00   3.0743e+00   4.9982e+01   4.8172e-01   5.0536e+01   5.0261e-01   1.0844e-02   5.2728e+01   1.1377e+00
   1.4877e+00   3.0743e+00   5.9980e+01   2.7840e-01   2.9206e+01   2.7879e-01   6.2252e-03   2.9247e+01   6.5307e-01
   1.4877e+00   3.0743e+00   6.0607e+01   2.6968e-01   2.8291e+01   2.6637e-01   5.7158e-03   2.7944e+01   5.9963e-01
   1.4877e+00   3.0743e+00   6.8970e+01   1.8015e-01   1.8900e+01   1.7902e-01   3.9205e-03   1.8780e+01   4.1129e-01
   1.4877e+00   3.0743e+00   6.9978e+01   1.7200e-01   1.8044e+01   1.6890e-01   3.9496e-03   1.7719e+01   4.1434e-01
   1.4877e+00   3.0743e+00   7.7196e+01   1.2503e-01   1.3116e+01   1.2525e-01   2.8829e-03   1.3140e+01   3.0243e-01
   1.4877e+00   3.0743e+00   8.9977e+01   7.5276e-02   7.8971e+00   7.3845e-02   1.7548e-03   7.7469e+00   1.8409e-01
   1.4877e+00   3.0743e+00   9.3115e+01   6.7365e-02   7.0671e+00   6.6150e-02   1.8589e-03   6.9396e+00   1.9501e-01
   1.4877e+00   3.0743e+00   9.9977e+01   5.4115e-02   5.6771e+00   5.3975e-02   1.3229e-03   5.6624e+00   1.3879e-01
   1.4877e+00   3.0743e+00   1.0074e+02   5.2940e-02   5.5538e+00   5.2788e-02   1.5455e-03   5.5379e+00   1.6213e-01
   1.4877e+00   3.0743e+00   1.0807e+02   4.3922e-02   4.6078e+00   4.4495e-02   1.4512e-03   4.6678e+00   1.5224e-01
   1.4877e+00   3.0743e+00   1.0998e+02   4.2180e-02   4.4250e+00   4.2016e-02   1.1063e-03   4.4078e+00   1.1605e-01
   1.4877e+00   3.0743e+00   1.2171e+02   3.5423e-02   3.7161e+00   3.4033e-02   1.5379e-03   3.5703e+00   1.6134e-01
   1.4877e+00   3.0743e+00   1.2998e+02   3.3535e-02   3.5181e+00   3.3211e-02   8.3275e-04   3.4840e+00   8.7361e-02
   1.4877e+00   3.0743e+00   1.3498e+02   3.3119e-02   3.4744e+00   3.2689e-02   1.1191e-03   3.4293e+00   1.1740e-01
   1.4877e+00   3.0743e+00   1.3890e+02   3.3054e-02   3.4676e+00   3.3940e-02   1.9100e-03   3.5606e+00   2.0037e-01
   1.4920e+00   3.0786e+00   3.9260e+01   9.9273e-01   1.0381e+02   1.0166e+00   2.2552e-02   1.0631e+02   2.3582e+00
   1.4920e+00   3.0786e+00   4.3569e+01   7.2381e-01   7.5686e+01   7.1329e-01   1.4602e-02   7.4586e+01   1.5269e+00
   1.4920e+00   3.0786e+00   4.9982e+01   4.8041e-01   5.0235e+01   4.9636e-01   1.0824e-02   5.1903e+01   1.1318e+00
   1.4920e+00   3.0786e+00   5.2133e+01   4.2374e-01   4.4309e+01   4.2137e-01   8.9711e-03   4.4061e+01   9.3808e-01
   1.4920e+00   3.0786e+00   5.9980e+01   2.7777e-01   2.9045e+01   2.7600e-01   6.1141e-03   2.8861e+01   6.3933e-01
   1.4920e+00   3.0786e+00   6.0607e+01   2.6907e-01   2.8136e+01   2.6836e-01   5.7141e-03   2.8062e+01   5.9751e-01
   1.4920e+00   3.0786e+00   6.8970e+01   1.7977e-01   1.8798e+01   1.7846e-01   4.4500e-03   1.8661e+01   4.6533e-01
   1.4920e+00   3.0786e+00   6.9978e+01   1.7163e-01   1.7947e+01   1.6752e-01   3.9233e-03   1.7517e+01   4.1025e-01
   1.4920e+00   3.0786e+00   9.3115e+01   6.7197e-02   7.0265e+00   6.7017e-02   1.7852e-03   7.0078e+00   1.8667e-01
   1.4920e+00   3.0786e+00   9.9977e+01   5.3972e-02   5.6437e+00   5.5574e-02   1.3726e-03   5.8111e+00   1.4353e-01
   1.4920e+00   3.0786e+00   1.0074e+02   5.2800e-02   5.5211e+00   5.3195e-02   1.8004e-03   5.5625e+00   1.8827e-01
   1.4920e+00   3.0786e+00   1.0807e+02   4.3805e-02   4.5806e+00   4.2793e-02   1.3863e-03   4.4747e+00   1.4496e-01
   1.4920e+00   3.0786e+00   1.0998e+02   4.2069e-02   4.3990e+00   4.2759e-02   1.1112e-03   4.4711e+00   1.1619e-01
   1.4920e+00   3.0786e+00   1.1998e+02   3.5982e-02   3.7625e+00   3.5595e-02   8.8585e-04   3.7221e+00   9.2631e-02
   1.4920e+00   3.0786e+00   1.2998e+02   3.3475e-02   3.5004e+00   3.4097e-02   9.6325e-04   3.5654e+00   1.0072e-01
   1.4920e+00   3.0786e+00   1.3498e+02   3.3068e-02   3.4578e+00   3.1414e-02   1.3551e-03   3.2849e+00   1.4170e-01
   1.4963e+00   3.0829e+00   3.9260e+01   9.8921e-01   1.0310e+02   1.0222e+00   2.1427e-02   1.0655e+02   2.2333e+00
   1.4963e+00   3.0829e+00   4.3569e+01   7.2152e-01   7.5204e+01   7.0556e-01   1.4840e-02   7.3540e+01   1.5468e+00
   1.4963e+00   3.0829e+00   4.9982e+01   4.7912e-01   4.9938e+01   4.9269e-01   1.1545e-02   5.1353e+01   1.2034e+00
   1.4963e+00   3.0829e+00   5.2133e+01   4.2265e-01   4.4053e+01   4.3277e-01   9.0181e-03   4.5107e+01   9.3995e-01
   1.4963e+00   3.0829e+00   5.9980e+01   2.7715e-01   2.8887e+01   2.7568e-01   6.1131e-03   2.8734e+01   6.3716e-01
   1.4963e+00   3.0829e+00   6.0607e+01   2.6848e-01   2.7983e+01   2.6706e-01   5.6797e-03   2.7835e+01   5.9199e-01
   1.4963e+00   3.0829e+00   6.8970e+01   1.7940e-01   1.8699e+01   1.8253e-01   4.0060e-03   1.9025e+01   4.1755e-01
   1.4963e+00   3.0829e+00   6.9978e+01   1.7128e-01   1.7852e+01   1.6789e-01   3.8999e-03   1.7499e+01   4.0649e-01
   1.4963e+00   3.0829e+00   7.7196e+01   1.2449e-01   1.2976e+01   1.2536e-01   2.8797e-03   1.3066e+01   3.0015e-01
   1.4963e+00   3.0829e+00   8.9977e+01   7.4913e-02   7.8081e+00   7.4184e-02   1.8224e-03   7.7321e+00   1.8995e-01
   1.4963e+00   3.0829e+00   9.3115e+01   6.7029e-02   6.9864e+00   6.8226e-02   1.8088e-03   7.1111e+00   1.8853e-01
   1.4963e+00   3.0829e+00   9.9977e+01   5.3831e-02   5.6108e+00   5.4572e-02   1.3486e-03   5.6880e+00   1.4057e-01
   1.4963e+00   3.0829e+00   1.0074e+02   5.2661e-02   5.4888e+00   5.1874e-02   1.5200e-03   5.4068e+00   1.5843e-01
   1.4963e+00   3.0829e+00   1.0807e+02   4.3690e-02   4.5538e+00   4.2631e-02   1.4198e-03   4.4434e+00   1.4798e-01
   1.4963e+00   3.0829e+00   1.0998e+02   4.1959e-02   4.3734e+00   4.2264e-02   1.0693e-03   4.4051e+00   1.1145e-01
   1.4963e+00   3.0829e+00   1.1998e+02   3.5899e-02   3.7417e+00   3.5714e-02   1.0284e-03   3.7225e+00   1.0719e-01
   1.4963e+00   3.0829e+00   1.2998e+02   3.3415e-02   3.4828e+00   3.4040e-02   1.2573e-03   3.5480e+00   1.3104e-01
   1.4963e+00   3.0829e+00   1.3498e+02   3.3019e-02   3.4415e+00   3.1756e-02   1.2358e-03   3.3099e+00   1.2881e-01


   1.4877e+00   3.0743e+00   3.9260e+01   9.9629e-01   1.0452e+02   9.5501e-01   1.9583e-02   1.0019e+02   2.0544e+00
   1.4877e+00   3.0743e+00   4.3569e+01   7.2612e-01   7.6175e+01   7.5943e-01   1.5712e-02   7.9669e+01   1.6483e+00
   1.4877e+00   3.0743e+00   4.9982e+01   4.8172e-01   5.0536e+01   4.7655e-01   1.0192e-02   4.9994e+01   1.0692e+00
   1.4877e+00   3.0743e+00   5.9980e+01   2.7840e-01   2.9206e+01   2.7792e-01   5.9622e-03   2.9156e+01   6.2547e-01
   1.4877e+00   3.0743e+00   6.0607e+01   2.6968e-01   2.8291e+01   2.7203e-01   5.6531e-03   2.8538e+01   5.9305e-01
   1.4877e+00   3.0743e+00   6.8970e+01   1.8015e-01   1.8900e+01   1.8299e-01   3.9048e-03   1.9197e+01   4.0965e-01
   1.4877e+00   3.0743e+00   6.9978e+01   1.7200e-01   1.8044e+01   1.7219e-01   3.7431e-03   1.8064e+01   3.9268e-01
   1.4877e+00   3.0743e+00   7.7196e+01   1.2503e-01   1.3116e+01   1.2491e-01   2.7875e-03   1.3104e+01   2.9243e-01
   1.4877e+00   3.0743e+00   8.9977e+01   7.5276e-02   7.8971e+00   7.6582e-02   1.7148e-03   8.0340e+00   1.7990e-01
   1.4877e+00   3.0743e+00   9.3115e+01   6.7365e-02   7.0671e+00   6.7153e-02   1.6156e-03   7.0448e+00   1.6949e-01
   1.4877e+00   3.0743e+00   9.9977e+01   5.4115e-02   5.6771e+00   5.4864e-02   1.2757e-03   5.7556e+00   1.3383e-01
   1.4877e+00   3.0743e+00   1.0074e+02   5.2940e-02   5.5538e+00   5.1451e-02   1.3364e-03   5.3976e+00   1.4020e-01
   1.4877e+00   3.0743e+00   1.0807e+02   4.3922e-02   4.6078e+00   4.5217e-02   1.2812e-03   4.7436e+00   1.3441e-01
   1.4877e+00   3.0743e+00   1.0998e+02   4.2180e-02   4.4250e+00   4.2512e-02   9.6898e-04   4.4598e+00   1.0165e-01
   1.4877e+00   3.0743e+00   1.2171e+02   3.5423e-02   3.7161e+00   3.4396e-02   1.2621e-03   3.6084e+00   1.3240e-01
   1.4877e+00   3.0743e+00   1.2998e+02   3.3535e-02   3.5181e+00   3.2905e-02   1.3665e-03   3.4520e+00   1.4335e-01
   1.4877e+00   3.0743e+00   1.3498e+02   3.3119e-02   3.4744e+00   3.1381e-02   1.4592e-03   3.2921e+00   1.5308e-01
   1.4877e+00   3.0743e+00   1.3890e+02   3.3054e-02   3.4676e+00   3.1362e-02   1.4295e-03   3.2901e+00   1.4996e-01
   1.4920e+00   3.0786e+00   3.9260e+01   9.9273e-01   1.0381e+02   1.0052e+00   2.0503e-02   1.0511e+02   2.1440e+00
   1.4920e+00   3.0786e+00   4.3569e+01   7.2381e-01   7.5686e+01   7.2632e-01   1.4935e-02   7.5949e+01   1.5617e+00
   1.4920e+00   3.0786e+00   4.9982e+01   4.8041e-01   5.0235e+01   4.8829e-01   1.0306e-02   5.1059e+01   1.0777e+00
   1.4920e+00   3.0786e+00   5.2133e+01   4.2374e-01   4.4309e+01   4.2253e-01   8.6668e-03   4.4183e+01   9.0626e-01
   1.4920e+00   3.0786e+00   5.9980e+01   2.7777e-01   2.9045e+01   2.7751e-01   5.9332e-03   2.9018e+01   6.2041e-01
   1.4920e+00   3.0786e+00   6.0607e+01   2.6907e-01   2.8136e+01   2.6539e-01   5.5172e-03   2.7751e+01   5.7691e-01
   1.4920e+00   3.0786e+00   6.8970e+01   1.7977e-01   1.8798e+01   1.8138e-01   3.9455e-03   1.8966e+01   4.1257e-01
   1.4920e+00   3.0786e+00   6.9978e+01   1.7163e-01   1.7947e+01   1.6768e-01   3.6528e-03   1.7534e+01   3.8196e-01
   1.4920e+00   3.0786e+00   9.3115e+01   6.7197e-02   7.0265e+00   6.6167e-02   1.5992e-03   6.9188e+00   1.6722e-01
   1.4920e+00   3.0786e+00   9.9977e+01   5.3972e-02   5.6437e+00   5.6138e-02   1.3099e-03   5.8702e+00   1.3697e-01
   1.4920e+00   3.0786e+00   1.0074e+02   5.2800e-02   5.5211e+00   5.3799e-02   1.6310e-03   5.6255e+00   1.7054e-01
   1.4920e+00   3.0786e+00   1.0807e+02   4.3805e-02   4.5806e+00   4.5063e-02   1.2511e-03   4.7121e+00   1.3082e-01
   1.4920e+00   3.0786e+00   1.0998e+02   4.2069e-02   4.3990e+00   4.2967e-02   1.0854e-03   4.4929e+00   1.1350e-01
   1.4920e+00   3.0786e+00   1.1998e+02   3.5982e-02   3.7625e+00   3.6918e-02   9.6470e-04   3.8604e+00   1.0088e-01
   1.4920e+00   3.0786e+00   1.2998e+02   3.3475e-02   3.5004e+00   3.3137e-02   1.1653e-03   3.4650e+00   1.2185e-01
   1.4920e+00   3.0786e+00   1.3498e+02   3.3068e-02   3.4578e+00   3.2718e-02   1.4171e-03   3.4212e+00   1.4818e-01
   1.4963e+00   3.0829e+00   3.9260e+01   9.8921e-01   1.0310e+02   1.0061e+00   2.0809e-02   1.0486e+02   2.1689e+00
   1.4963e+00   3.0829e+00   4.3569e+01   7.2152e-01   7.5204e+01   7.0258e-01   1.4351e-02   7.3229e+01   1.4958e+00
   1.4963e+00   3.0829e+00   4.9982e+01   4.7912e-01   4.9938e+01   4.7310e-01   1.0368e-02   4.9310e+01   1.0807e+00
   1.4963e+00   3.0829e+00   5.2133e+01   4.2265e-01   4.4053e+01   4.2990e-01   8.8120e-03   4.4808e+01   9.1847e-01
   1.4963e+00   3.0829e+00   5.9980e+01   2.7715e-01   2.8887e+01   2.8494e-01   6.0857e-03   2.9700e+01   6.3430e-01
   1.4963e+00   3.0829e+00   6.0607e+01   2.6848e-01   2.7983e+01   2.6359e-01   5.4984e-03   2.7474e+01   5.7309e-01
   1.4963e+00   3.0829e+00   6.8970e+01   1.7940e-01   1.8699e+01   1.7434e-01   3.7974e-03   1.8171e+01   3.9580e-01
   1.4963e+00   3.0829e+00   6.9978e+01   1.7128e-01   1.7852e+01   1.7466e-01   3.8026e-03   1.8204e+01   3.9634e-01
   1.4963e+00   3.0829e+00   7.7196e+01   1.2449e-01   1.2976e+01   1.2253e-01   2.6979e-03   1.2772e+01   2.8120e-01
   1.4963e+00   3.0829e+00   8.9977e+01   7.4913e-02   7.8081e+00   7.3200e-02   1.7680e-03   7.6296e+00   1.8428e-01
   1.4963e+00   3.0829e+00   9.3115e+01   6.7029e-02   6.9864e+00   6.7060e-02   1.7206e-03   6.9896e+00   1.7934e-01
   1.4963e+00   3.0829e+00   9.9977e+01   5.3831e-02   5.6108e+00   5.5215e-02   1.2681e-03   5.7550e+00   1.3217e-01
   1.4963e+00   3.0829e+00   1.0074e+02   5.2661e-02   5.4888e+00   5.1934e-02   1.3481e-03   5.4131e+00   1.4051e-01
   1.4963e+00   3.0829e+00   1.0807e+02   4.3690e-02   4.5538e+00   4.3280e-02   1.2355e-03   4.5110e+00   1.2878e-01
   1.4963e+00   3.0829e+00   1.0998e+02   4.1959e-02   4.3734e+00   4.1231e-02   9.8967e-04   4.2975e+00   1.0315e-01
   1.4963e+00   3.0829e+00   1.1998e+02   3.5899e-02   3.7417e+00   3.6131e-02   1.0227e-03   3.7659e+00   1.0660e-01
   1.4963e+00   3.0829e+00   1.2998e+02   3.3415e-02   3.4828e+00   3.1303e-02   1.4130e-03   3.2627e+00   1.4728e-01
   1.4963e+00   3.0829e+00   1.3498e+02   3.3019e-02   3.4415e+00   3.3447e-02   1.5589e-03   3.4862e+00   1.6248e-01


