   3.2740e-01   1.9140e+00   0.0000e+00   4.0214e-01   1.1465e+03   4.1000e-01   2.3000e-02   1.1689e+03   6.5575e+01
   4.2600e-01   2.0126e+00   0.0000e+00   4.0618e-01   4.9218e+02   4.0500e-01   9.0000e-03   4.9075e+02   1.0906e+01
   5.1799e-01   2.1046e+00   0.0000e+00   4.1018e-01   2.8816e+02   3.9400e-01   9.0000e-03   2.7679e+02   6.3226e+00
   5.8152e-01   2.1681e+00   0.0000e+00   4.1304e-01   2.1719e+02   4.2200e-01   1.3000e-02   2.2190e+02   6.8358e+00
   7.0242e-01   2.2890e+00   0.0000e+00   4.1856e-01   1.4395e+02   4.2400e-01   1.0000e-02   1.4582e+02   3.4392e+00
   7.9680e-01   2.3834e+00   0.0000e+00   4.2288e-01   1.1300e+02   4.2700e-01   5.0000e-03   1.1411e+02   1.3361e+00
   1.2337e+00   2.8203e+00   0.0000e+00   4.4159e-01   5.8329e+01   4.3900e-01   6.0000e-03   5.7988e+01   7.9254e-01


   1.7188e-01   1.7585e+00   0.0000e+00   3.9660e-01   1.8674e+04   4.1700e-01   2.0000e-02   1.9634e+04   9.4169e+02
   1.0744e-01   1.6940e+00   0.0000e+00   3.9469e-01   3.1996e+05   4.1500e-01   2.9000e-02   3.3643e+05   2.3510e+04


   1.1018e+00   2.6884e+00   0.0000e+00   4.3623e-01   6.7537e+01   4.8000e-01   3.0000e-02   7.4313e+01   4.6446e+00
   1.4029e+00   2.9895e+00   0.0000e+00   4.4804e-01   5.0313e+01   4.6000e-01   2.0000e-02   5.1655e+01   2.2459e+00
   1.4029e+00   2.9895e+00   0.0000e+00   4.4804e-01   5.0313e+01   4.6800e-01   1.3000e-02   5.2554e+01   1.4598e+00
   1.8038e+00   3.3904e+00   0.0000e+00   4.6173e-01   3.9730e+01   4.5000e-01   2.0000e-02   3.8721e+01   1.7209e+00


   3.0339e-01   1.8900e+00   0.0000e+00   4.0121e-01   1.5074e+03   4.4000e-01   8.0000e-02   1.6531e+03   3.0057e+02
   3.8488e-01   1.9715e+00   0.0000e+00   4.0446e-01   6.6991e+02   4.1000e-01   7.0000e-02   6.7909e+02   1.1594e+02
   4.7419e-01   2.0608e+00   0.0000e+00   4.0825e-01   3.6364e+02   3.9000e-01   5.0000e-02   3.4738e+02   4.4536e+01
   5.9309e-01   2.1797e+00   0.0000e+00   4.1356e-01   2.0747e+02   3.5000e-01   4.0000e-02   1.7558e+02   2.0067e+01
   6.7168e-01   2.2583e+00   0.0000e+00   4.1715e-01   1.5783e+02   4.0000e-01   5.0000e-02   1.5134e+02   1.8917e+01
   6.7179e-01   2.2584e+00   0.0000e+00   4.1716e-01   1.5777e+02   3.9000e-01   7.0000e-02   1.4750e+02   2.6474e+01
   8.1499e-01   2.4016e+00   0.0000e+00   4.2370e-01   1.0849e+02   3.4000e-01   4.0000e-02   8.7060e+01   1.0242e+01
   8.5599e-01   2.4426e+00   0.0000e+00   4.2556e-01   9.9557e+01   4.2000e-01   6.0000e-02   9.8257e+01   1.4037e+01
   9.0281e-01   2.4894e+00   0.0000e+00   4.2765e-01   9.1056e+01   3.6000e-01   5.0000e-02   7.6652e+01   1.0646e+01
   9.5157e-01   2.5382e+00   0.0000e+00   4.2980e-01   8.3704e+01   4.2000e-01   5.0000e-02   8.1795e+01   9.7375e+00
   9.9400e-01   2.5806e+00   0.0000e+00   4.3165e-01   7.8288e+01   4.0000e-01   4.0000e-02   7.2547e+01   7.2547e+00
   1.0840e+00   2.6706e+00   0.0000e+00   4.3549e-01   6.9069e+01   4.2000e-01   5.0000e-02   6.6613e+01   7.9301e+00
   1.1290e+00   2.7156e+00   0.0000e+00   4.3736e-01   6.5346e+01   3.6000e-01   4.0000e-02   5.3788e+01   5.9764e+00
   1.1545e+00   2.7411e+00   0.0000e+00   4.3840e-01   6.3445e+01   4.1000e-01   5.0000e-02   5.9335e+01   7.2359e+00
   1.2674e+00   2.8540e+00   0.0000e+00   4.4291e-01   5.6457e+01   3.6000e-01   6.0000e-02   4.5889e+01   7.6482e+00
   1.3741e+00   2.9607e+00   0.0000e+00   4.4697e-01   5.1461e+01   4.5000e-01   6.0000e-02   5.1809e+01   6.9079e+00


