   3.2740e-01   1.9140e+00   0.0000e+00   1.6591e-07   4.7302e-04   1.7511e-07   5.2936e-09   4.9926e-04   1.5092e-05
   4.2600e-01   2.0126e+00   0.0000e+00   3.6811e-07   4.4605e-04   3.8042e-07   8.3027e-09   4.6096e-04   1.0061e-05
   5.1799e-01   2.1046e+00   0.0000e+00   6.0212e-07   4.2300e-04   6.3000e-07   1.4291e-08   4.4258e-04   1.0039e-05
   5.8152e-01   2.1681e+00   0.0000e+00   7.7747e-07   4.0882e-04   7.6586e-07   2.1034e-08   4.0271e-04   1.1060e-05
   7.0242e-01   2.2890e+00   0.0000e+00   1.1230e-06   3.8623e-04   1.0970e-06   2.9286e-08   3.7727e-04   1.0072e-05
   7.9680e-01   2.3834e+00   0.0000e+00   1.3939e-06   3.7248e-04   1.3687e-06   2.6367e-08   3.6575e-04   7.0461e-06
   1.2337e+00   2.8203e+00   0.0000e+00   2.5944e-06   3.4269e-04   2.5160e-06   4.5690e-08   3.3234e-04   6.0352e-06


   4.1973e-01   2.0063e+00   0.0000e+00   3.5344e-07   4.4771e-04   3.6634e-07   2.6683e-08   4.6406e-04   3.3800e-05
   5.0584e-01   2.0924e+00   0.0000e+00   5.6958e-07   4.2588e-04   5.5881e-07   4.4071e-08   4.1783e-04   3.2952e-05
   6.1476e-01   2.2014e+00   0.0000e+00   8.7159e-07   4.0203e-04   8.6610e-07   3.8384e-08   3.9949e-04   1.7705e-05


   9.2899e-02   1.6795e+00   0.0000e+00   2.3108e-10   5.3481e-04   2.4138e-10   7.8189e-12   5.5864e-04   1.8096e-05
   1.0570e-01   1.6923e+00   0.0000e+00   5.8554e-10   5.3171e-04   5.6772e-10   1.7850e-11   5.1552e-04   1.6209e-05
   1.2650e-01   1.7131e+00   0.0000e+00   1.9098e-09   5.2663e-04   1.9492e-09   4.0962e-11   5.3751e-04   1.1296e-05
   1.4770e-01   1.7343e+00   0.0000e+00   4.8060e-09   5.2136e-04   4.8119e-09   8.7752e-11   5.2200e-04   9.5195e-06
   1.6890e-01   1.7555e+00   0.0000e+00   9.9902e-09   5.1600e-04   9.7608e-09   2.0455e-10   5.0415e-04   1.0565e-05


   7.0099e-01   2.2876e+00   0.0000e+00   1.1189e-06   3.8646e-04   1.1640e-06   2.0419e-07   4.0204e-04   7.0525e-05
   8.0199e-01   2.3886e+00   0.0000e+00   1.4087e-06   3.7182e-04   1.4900e-06   8.1666e-08   3.9329e-04   2.1556e-05
   9.0202e-01   2.4886e+00   0.0000e+00   1.6917e-06   3.6076e-04   1.6229e-06   7.1467e-08   3.4608e-04   1.5240e-05
   1.0020e+00   2.5886e+00   0.0000e+00   1.9693e-06   3.5264e-04   2.0010e-06   7.1467e-08   3.5831e-04   1.2797e-05
   1.0020e+00   2.5886e+00   0.0000e+00   1.9693e-06   3.5264e-04   1.8988e-06   6.1257e-08   3.4001e-04   1.0969e-05
   1.1020e+00   2.6886e+00   0.0000e+00   2.2420e-06   3.4700e-04   2.2054e-06   2.0419e-08   3.4134e-04   3.1603e-06
   1.1020e+00   2.6886e+00   0.0000e+00   2.2420e-06   3.4700e-04   2.2361e-06   4.0838e-08   3.4608e-04   6.3206e-06
   1.1030e+00   2.6896e+00   0.0000e+00   2.2446e-06   3.4695e-04   2.2054e-06   6.1257e-08   3.4089e-04   9.4686e-06
   1.2030e+00   2.7896e+00   0.0000e+00   2.5128e-06   3.4341e-04   2.4916e-06   5.1058e-08   3.4051e-04   6.9777e-06
   1.2030e+00   2.7896e+00   0.0000e+00   2.5128e-06   3.4341e-04   2.4916e-06   9.1896e-08   3.4051e-04   1.2559e-05
   1.3530e+00   2.9396e+00   0.0000e+00   2.9087e-06   3.4128e-04   2.8493e-06   7.1477e-08   3.3431e-04   8.3864e-06
   1.4030e+00   2.9896e+00   0.0000e+00   3.0394e-06   3.4128e-04   3.1242e-06   4.0848e-08   3.5079e-04   4.5866e-06
   1.4030e+00   2.9896e+00   0.0000e+00   3.0394e-06   3.4128e-04   3.0945e-06   8.1687e-08   3.4747e-04   9.1721e-06
   1.5040e+00   3.0906e+00   0.0000e+00   3.3021e-06   3.4220e-04   3.3388e-06   1.0212e-07   3.4600e-04   1.0582e-05
   1.6040e+00   3.1906e+00   0.0000e+00   3.5609e-06   3.4418e-04   3.4410e-06   1.0212e-07   3.3260e-04   9.8702e-06
   1.7040e+00   3.2906e+00   0.0000e+00   3.8192e-06   3.4709e-04   3.9213e-06   1.2253e-07   3.5637e-04   1.1136e-05
   1.7040e+00   3.2906e+00   0.0000e+00   3.8192e-06   3.4709e-04   3.9418e-06   9.1906e-08   3.5823e-04   8.3525e-06
   1.8040e+00   3.3906e+00   0.0000e+00   4.0773e-06   3.5081e-04   4.0951e-06   4.0848e-08   3.5233e-04   3.5146e-06
   1.8040e+00   3.3906e+00   0.0000e+00   4.0773e-06   3.5081e-04   4.0337e-06   1.2253e-07   3.4706e-04   1.0543e-05
   1.9040e+00   3.4906e+00   0.0000e+00   4.3360e-06   3.5525e-04   4.5856e-06   1.4297e-07   3.7570e-04   1.1714e-05
   1.9550e+00   3.5416e+00   0.0000e+00   4.4681e-06   3.5777e-04   4.4732e-06   1.1232e-07   3.5818e-04   8.9933e-06


   1.4730e+00   3.0596e+00   0.0000e+00   3.2216e-06   3.4179e-04   3.1895e-06   1.2218e-07   3.3839e-04   1.2962e-05
   1.7910e+00   3.3776e+00   0.0000e+00   4.0439e-06   3.5028e-04   4.0761e-06   1.3731e-07   3.5308e-04   1.1894e-05


   1.0540e+00   2.6406e+00   0.0000e+00   2.1117e-06   3.4942e-04   2.1117e-06   1.0056e-07   3.4942e-04   1.6639e-05


